{"name":"Log","hostname":"cs-335328021503-default","pid":2232,"level":30,"version":"5.49.0","msg":"Ghost is running in development...","time":"2023-05-23T05:39:51.300Z","v":0}
{"name":"Log","hostname":"cs-335328021503-default","pid":2232,"level":30,"version":"5.49.0","msg":"Listening on: 127.0.0.1:2368","time":"2023-05-23T05:39:51.302Z","v":0}
{"name":"Log","hostname":"cs-335328021503-default","pid":2232,"level":30,"version":"5.49.0","msg":"Url configured as: http://localhost:2368/","time":"2023-05-23T05:39:51.303Z","v":0}
{"name":"Log","hostname":"cs-335328021503-default","pid":2232,"level":30,"version":"5.49.0","msg":"Ctrl+C to shut down","time":"2023-05-23T05:39:51.303Z","v":0}
{"name":"Log","hostname":"cs-335328021503-default","pid":2232,"level":30,"version":"5.49.0","msg":"Ghost server started in 0.8s","time":"2023-05-23T05:39:51.306Z","v":0}
{"name":"Log","hostname":"cs-335328021503-default","pid":2232,"level":40,"version":"5.49.0","msg":"Database state requires initialisation.","time":"2023-05-23T05:39:51.526Z","v":0}
{"name":"Log","hostname":"cs-335328021503-default","pid":2232,"level":30,"version":"5.49.0","msg":"Creating table: newsletters","time":"2023-05-23T05:39:51.872Z","v":0}
{"name":"Log","hostname":"cs-335328021503-default","pid":2232,"level":30,"version":"5.49.0","msg":"Creating table: posts","time":"2023-05-23T05:39:51.921Z","v":0}
{"name":"Log","hostname":"cs-335328021503-default","pid":2232,"level":30,"version":"5.49.0","msg":"Creating table: posts_meta","time":"2023-05-23T05:39:51.947Z","v":0}
{"name":"Log","hostname":"cs-335328021503-default","pid":2232,"level":30,"version":"5.49.0","msg":"Creating table: users","time":"2023-05-23T05:39:51.972Z","v":0}
{"name":"Log","hostname":"cs-335328021503-default","pid":2232,"level":30,"version":"5.49.0","msg":"Creating table: posts_authors","time":"2023-05-23T05:39:52.008Z","v":0}
{"name":"Log","hostname":"cs-335328021503-default","pid":2232,"level":30,"version":"5.49.0","msg":"Creating table: roles","time":"2023-05-23T05:39:52.021Z","v":0}
{"name":"Log","hostname":"cs-335328021503-default","pid":2232,"level":30,"version":"5.49.0","msg":"Creating table: roles_users","time":"2023-05-23T05:39:52.047Z","v":0}
{"name":"Log","hostname":"cs-335328021503-default","pid":2232,"level":30,"version":"5.49.0","msg":"Creating table: permissions","time":"2023-05-23T05:39:52.059Z","v":0}
{"name":"Log","hostname":"cs-335328021503-default","pid":2232,"level":30,"version":"5.49.0","msg":"Creating table: permissions_users","time":"2023-05-23T05:39:52.081Z","v":0}
{"name":"Log","hostname":"cs-335328021503-default","pid":2232,"level":30,"version":"5.49.0","msg":"Creating table: permissions_roles","time":"2023-05-23T05:39:52.094Z","v":0}
{"name":"Log","hostname":"cs-335328021503-default","pid":2232,"level":30,"version":"5.49.0","msg":"Creating table: settings","time":"2023-05-23T05:39:52.107Z","v":0}
{"name":"Log","hostname":"cs-335328021503-default","pid":2232,"level":30,"version":"5.49.0","msg":"Creating table: tags","time":"2023-05-23T05:39:52.130Z","v":0}
{"name":"Log","hostname":"cs-335328021503-default","pid":2232,"level":30,"version":"5.49.0","msg":"Creating table: posts_tags","time":"2023-05-23T05:39:52.152Z","v":0}
{"name":"Log","hostname":"cs-335328021503-default","pid":2232,"level":30,"version":"5.49.0","msg":"Creating table: invites","time":"2023-05-23T05:39:52.165Z","v":0}
{"name":"Log","hostname":"cs-335328021503-default","pid":2232,"level":30,"version":"5.49.0","msg":"Creating table: brute","time":"2023-05-23T05:39:52.198Z","v":0}
{"name":"Log","hostname":"cs-335328021503-default","pid":2232,"level":30,"version":"5.49.0","msg":"Creating table: sessions","time":"2023-05-23T05:39:52.212Z","v":0}
{"name":"Log","hostname":"cs-335328021503-default","pid":2232,"level":30,"version":"5.49.0","msg":"Creating table: integrations","time":"2023-05-23T05:39:52.234Z","v":0}
{"name":"Log","hostname":"cs-335328021503-default","pid":2232,"level":30,"version":"5.49.0","msg":"Creating table: webhooks","time":"2023-05-23T05:39:52.256Z","v":0}
{"name":"Log","hostname":"cs-335328021503-default","pid":2232,"level":30,"version":"5.49.0","msg":"Creating table: api_keys","time":"2023-05-23T05:39:52.269Z","v":0}
{"name":"Log","hostname":"cs-335328021503-default","pid":2232,"level":30,"version":"5.49.0","msg":"Creating table: mobiledoc_revisions","time":"2023-05-23T05:39:52.296Z","v":0}
{"name":"Log","hostname":"cs-335328021503-default","pid":2232,"level":30,"version":"5.49.0","msg":"Creating table: post_revisions","time":"2023-05-23T05:39:52.320Z","v":0}
{"name":"Log","hostname":"cs-335328021503-default","pid":2232,"level":30,"version":"5.49.0","msg":"Creating table: members","time":"2023-05-23T05:39:52.344Z","v":0}
{"name":"Log","hostname":"cs-335328021503-default","pid":2232,"level":30,"version":"5.49.0","msg":"Creating table: products","time":"2023-05-23T05:39:52.392Z","v":0}
{"name":"Log","hostname":"cs-335328021503-default","pid":2232,"level":30,"version":"5.49.0","msg":"Creating table: offers","time":"2023-05-23T05:39:52.417Z","v":0}
{"name":"Log","hostname":"cs-335328021503-default","pid":2232,"level":30,"version":"5.49.0","msg":"Creating table: benefits","time":"2023-05-23T05:39:52.463Z","v":0}
{"name":"Log","hostname":"cs-335328021503-default","pid":2232,"level":30,"version":"5.49.0","msg":"Creating table: products_benefits","time":"2023-05-23T05:39:52.487Z","v":0}
{"name":"Log","hostname":"cs-335328021503-default","pid":2232,"level":30,"version":"5.49.0","msg":"Creating table: members_products","time":"2023-05-23T05:39:52.499Z","v":0}
{"name":"Log","hostname":"cs-335328021503-default","pid":2232,"level":30,"version":"5.49.0","msg":"Creating table: posts_products","time":"2023-05-23T05:39:52.513Z","v":0}
{"name":"Log","hostname":"cs-335328021503-default","pid":2232,"level":30,"version":"5.49.0","msg":"Creating table: members_created_events","time":"2023-05-23T05:39:52.525Z","v":0}
{"name":"Log","hostname":"cs-335328021503-default","pid":2232,"level":30,"version":"5.49.0","msg":"Creating table: members_cancel_events","time":"2023-05-23T05:39:52.540Z","v":0}
{"name":"Log","hostname":"cs-335328021503-default","pid":2232,"level":30,"version":"5.49.0","msg":"Creating table: members_payment_events","time":"2023-05-23T05:39:52.552Z","v":0}
{"name":"Log","hostname":"cs-335328021503-default","pid":2232,"level":30,"version":"5.49.0","msg":"Creating table: members_login_events","time":"2023-05-23T05:39:52.563Z","v":0}
{"name":"Log","hostname":"cs-335328021503-default","pid":2232,"level":30,"version":"5.49.0","msg":"Creating table: members_email_change_events","time":"2023-05-23T05:39:52.584Z","v":0}
{"name":"Log","hostname":"cs-335328021503-default","pid":2232,"level":30,"version":"5.49.0","msg":"Creating table: members_status_events","time":"2023-05-23T05:39:52.599Z","v":0}
{"name":"Log","hostname":"cs-335328021503-default","pid":2232,"level":30,"version":"5.49.0","msg":"Creating table: members_product_events","time":"2023-05-23T05:39:52.612Z","v":0}
{"name":"Log","hostname":"cs-335328021503-default","pid":2232,"level":30,"version":"5.49.0","msg":"Creating table: members_paid_subscription_events","time":"2023-05-23T05:39:52.624Z","v":0}
{"name":"Log","hostname":"cs-335328021503-default","pid":2232,"level":30,"version":"5.49.0","msg":"Creating table: labels","time":"2023-05-23T05:39:52.637Z","v":0}
{"name":"Log","hostname":"cs-335328021503-default","pid":2232,"level":30,"version":"5.49.0","msg":"Creating table: members_labels","time":"2023-05-23T05:39:52.674Z","v":0}
{"name":"Log","hostname":"cs-335328021503-default","pid":2232,"level":30,"version":"5.49.0","msg":"Creating table: members_stripe_customers","time":"2023-05-23T05:39:52.687Z","v":0}
{"name":"Log","hostname":"cs-335328021503-default","pid":2232,"level":30,"version":"5.49.0","msg":"Creating table: subscriptions","time":"2023-05-23T05:39:52.713Z","v":0}
{"name":"Log","hostname":"cs-335328021503-default","pid":2232,"level":30,"version":"5.49.0","msg":"Creating table: members_stripe_customers_subscriptions","time":"2023-05-23T05:39:52.724Z","v":0}
{"name":"Log","hostname":"cs-335328021503-default","pid":2232,"level":30,"version":"5.49.0","msg":"Creating table: members_subscription_created_events","time":"2023-05-23T05:39:52.760Z","v":0}
{"name":"Log","hostname":"cs-335328021503-default","pid":2232,"level":30,"version":"5.49.0","msg":"Creating table: offer_redemptions","time":"2023-05-23T05:39:52.774Z","v":0}
{"name":"Log","hostname":"cs-335328021503-default","pid":2232,"level":30,"version":"5.49.0","msg":"Creating table: members_subscribe_events","time":"2023-05-23T05:39:52.791Z","v":0}
{"name":"Log","hostname":"cs-335328021503-default","pid":2232,"level":30,"version":"5.49.0","msg":"Creating table: stripe_products","time":"2023-05-23T05:39:52.807Z","v":0}
{"name":"Log","hostname":"cs-335328021503-default","pid":2232,"level":30,"version":"5.49.0","msg":"Creating table: stripe_prices","time":"2023-05-23T05:39:52.834Z","v":0}
{"name":"Log","hostname":"cs-335328021503-default","pid":2232,"level":30,"version":"5.49.0","msg":"Creating table: actions","time":"2023-05-23T05:39:52.860Z","v":0}
{"name":"Log","hostname":"cs-335328021503-default","pid":2232,"level":30,"version":"5.49.0","msg":"Creating table: emails","time":"2023-05-23T05:39:52.877Z","v":0}
{"name":"Log","hostname":"cs-335328021503-default","pid":2232,"level":30,"version":"5.49.0","msg":"Creating table: email_batches","time":"2023-05-23T05:39:52.917Z","v":0}
{"name":"Log","hostname":"cs-335328021503-default","pid":2232,"level":30,"version":"5.49.0","msg":"Creating table: email_recipients","time":"2023-05-23T05:39:52.929Z","v":0}
{"name":"Log","hostname":"cs-335328021503-default","pid":2232,"level":30,"version":"5.49.0","msg":"Creating table: email_recipient_failures","time":"2023-05-23T05:39:52.998Z","v":0}
{"name":"Log","hostname":"cs-335328021503-default","pid":2232,"level":30,"version":"5.49.0","msg":"Creating table: tokens","time":"2023-05-23T05:39:53.011Z","v":0}
{"name":"Log","hostname":"cs-335328021503-default","pid":2232,"level":30,"version":"5.49.0","msg":"Creating table: snippets","time":"2023-05-23T05:39:53.033Z","v":0}
{"name":"Log","hostname":"cs-335328021503-default","pid":2232,"level":30,"version":"5.49.0","msg":"Creating table: custom_theme_settings","time":"2023-05-23T05:39:53.058Z","v":0}
{"name":"Log","hostname":"cs-335328021503-default","pid":2232,"level":30,"version":"5.49.0","msg":"Creating table: members_newsletters","time":"2023-05-23T05:39:53.070Z","v":0}
{"name":"Log","hostname":"cs-335328021503-default","pid":2232,"level":30,"version":"5.49.0","msg":"Creating table: comments","time":"2023-05-23T05:39:53.082Z","v":0}
{"name":"Log","hostname":"cs-335328021503-default","pid":2232,"level":30,"version":"5.49.0","msg":"Creating table: comment_likes","time":"2023-05-23T05:39:53.094Z","v":0}
{"name":"Log","hostname":"cs-335328021503-default","pid":2232,"level":30,"version":"5.49.0","msg":"Creating table: comment_reports","time":"2023-05-23T05:39:53.107Z","v":0}
{"name":"Log","hostname":"cs-335328021503-default","pid":2232,"level":30,"version":"5.49.0","msg":"Creating table: jobs","time":"2023-05-23T05:39:53.119Z","v":0}
{"name":"Log","hostname":"cs-335328021503-default","pid":2232,"level":30,"version":"5.49.0","msg":"Creating table: redirects","time":"2023-05-23T05:39:53.141Z","v":0}
{"name":"Log","hostname":"cs-335328021503-default","pid":2232,"level":30,"version":"5.49.0","msg":"Creating table: members_click_events","time":"2023-05-23T05:39:53.153Z","v":0}
{"name":"Log","hostname":"cs-335328021503-default","pid":2232,"level":30,"version":"5.49.0","msg":"Creating table: members_feedback","time":"2023-05-23T05:39:53.164Z","v":0}
{"name":"Log","hostname":"cs-335328021503-default","pid":2232,"level":30,"version":"5.49.0","msg":"Creating table: suppressions","time":"2023-05-23T05:39:53.176Z","v":0}
{"name":"Log","hostname":"cs-335328021503-default","pid":2232,"level":30,"version":"5.49.0","msg":"Creating table: email_spam_complaint_events","time":"2023-05-23T05:39:53.203Z","v":0}
{"name":"Log","hostname":"cs-335328021503-default","pid":2232,"level":30,"version":"5.49.0","msg":"Creating table: mentions","time":"2023-05-23T05:39:53.225Z","v":0}
{"name":"Log","hostname":"cs-335328021503-default","pid":2232,"level":30,"version":"5.49.0","msg":"Creating table: milestones","time":"2023-05-23T05:39:53.237Z","v":0}
{"name":"Log","hostname":"cs-335328021503-default","pid":2232,"level":30,"version":"5.49.0","msg":"Model: Product","time":"2023-05-23T05:39:53.576Z","v":0}
{"name":"Log","hostname":"cs-335328021503-default","pid":2232,"level":30,"version":"5.49.0","msg":"Model: Newsletter","time":"2023-05-23T05:39:53.595Z","v":0}
{"name":"Log","hostname":"cs-335328021503-default","pid":2232,"level":30,"version":"5.49.0","msg":"Model: Tag","time":"2023-05-23T05:39:53.603Z","v":0}
{"name":"Log","hostname":"cs-335328021503-default","pid":2232,"level":30,"version":"5.49.0","msg":"Model: Permission","time":"2023-05-23T05:39:53.611Z","v":0}
{"name":"Log","hostname":"cs-335328021503-default","pid":2232,"level":30,"version":"5.49.0","msg":"Model: Post","time":"2023-05-23T05:39:53.993Z","v":0}
{"name":"Log","hostname":"cs-335328021503-default","pid":2232,"level":30,"version":"5.49.0","msg":"Model: Integration","time":"2023-05-23T05:39:54.439Z","v":0}
{"name":"Log","hostname":"cs-335328021503-default","pid":2232,"level":30,"version":"5.49.0","msg":"Relation: Role to Permission","time":"2023-05-23T05:39:54.514Z","v":0}
{"name":"Log","hostname":"cs-335328021503-default","pid":2232,"level":30,"version":"5.49.0","msg":"Relation: Post to Tag","time":"2023-05-23T05:39:54.794Z","v":0}
{"name":"Log","hostname":"cs-335328021503-default","pid":2232,"level":30,"version":"5.49.0","msg":"Database is in a ready state.","time":"2023-05-23T05:39:54.917Z","v":0}
{"name":"Log","hostname":"cs-335328021503-default","pid":2232,"level":30,"version":"5.49.0","msg":"Ghost database ready in 4.412s","time":"2023-05-23T05:39:54.918Z","v":0}
{"name":"Log","hostname":"cs-335328021503-default","pid":2232,"level":30,"version":"5.49.0","msg":"Adding offloaded job to the queue","time":"2023-05-23T05:39:57.217Z","v":0}
{"name":"Log","hostname":"cs-335328021503-default","pid":2232,"level":30,"version":"5.49.0","msg":"Scheduling job mentions-email-report at 21 47 * * * *. Next run on: Tue May 23 2023 05:47:21 GMT+0000 (Coordinated Universal Time)","time":"2023-05-23T05:39:57.248Z","v":0}
{"name":"Log","hostname":"cs-335328021503-default","pid":2232,"level":30,"version":"5.49.0","msg":"Ghost URL Service Ready in 7.007s","time":"2023-05-23T05:39:57.512Z","v":0}
{"name":"Log","hostname":"cs-335328021503-default","pid":2232,"level":30,"version":"5.49.0","msg":"Adding one-off job to queue with current length = 0 called 'members-migrations'","time":"2023-05-23T05:39:57.601Z","v":0}
{"name":"Log","hostname":"cs-335328021503-default","pid":2232,"level":30,"version":"5.49.0","msg":"Stripe not configured - skipping migrations","time":"2023-05-23T05:39:57.624Z","v":0}
{"name":"Log","hostname":"cs-335328021503-default","pid":2232,"level":30,"version":"5.49.0","msg":"Adding offloaded job to the queue","time":"2023-05-23T05:39:58.056Z","v":0}
{"name":"Log","hostname":"cs-335328021503-default","pid":2232,"level":30,"version":"5.49.0","msg":"Scheduling job clean-expired-comped at 40 59 4 * * *. Next run on: Wed May 24 2023 04:59:40 GMT+0000 (Coordinated Universal Time)","time":"2023-05-23T05:39:58.068Z","v":0}
{"name":"Log","hostname":"cs-335328021503-default","pid":2232,"level":30,"version":"5.49.0","msg":"Adding offloaded job to the queue","time":"2023-05-23T05:39:58.092Z","v":0}
{"name":"Log","hostname":"cs-335328021503-default","pid":2232,"level":30,"version":"5.49.0","msg":"Scheduling job clean-tokens at 0 48 2 * * *. Next run on: Wed May 24 2023 02:48:00 GMT+0000 (Coordinated Universal Time)","time":"2023-05-23T05:39:58.108Z","v":0}
{"name":"Log","hostname":"cs-335328021503-default","pid":2232,"level":30,"version":"5.49.0","msg":"Ghost booted in 7.634s","time":"2023-05-23T05:39:58.139Z","v":0}
{"name":"Log","hostname":"cs-335328021503-default","pid":2232,"level":30,"version":"5.49.0","msg":"Adding offloaded job to the queue","time":"2023-05-23T05:39:58.151Z","v":0}
{"name":"Log","hostname":"cs-335328021503-default","pid":2232,"level":30,"version":"5.49.0","msg":"Scheduling job update-check at 46 46 3 * * *. Next run on: Wed May 24 2023 03:46:46 GMT+0000 (Coordinated Universal Time)","time":"2023-05-23T05:39:58.165Z","v":0}
{"name":"Log","hostname":"cs-335328021503-default","pid":2232,"level":30,"version":"5.49.0","msg":"Running milestone emails job on Tue May 23 2023 05:40:03 GMT+0000 (Coordinated Universal Time)","time":"2023-05-23T05:39:58.192Z","v":0}
{"name":"Log","hostname":"cs-335328021503-default","pid":2232,"level":40,"version":"5.49.0","msg":"Ghost is shutting down","time":"2023-05-23T05:45:22.246Z","v":0}
{"name":"Log","hostname":"cs-335328021503-default","pid":2232,"level":40,"version":"5.49.0","msg":"Ghost has shut down","time":"2023-05-23T05:45:22.252Z","v":0}
{"name":"Log","hostname":"cs-335328021503-default","pid":2232,"level":40,"version":"5.49.0","msg":"Ghost was running for 6 minutes","time":"2023-05-23T05:45:22.254Z","v":0}
{"name":"Log","hostname":"cs-335328021503-default","pid":3101,"level":30,"version":"5.49.0","msg":"Ghost is running in development...","time":"2023-05-23T05:47:11.528Z","v":0}
{"name":"Log","hostname":"cs-335328021503-default","pid":3101,"level":30,"version":"5.49.0","msg":"Listening on: 127.0.0.1:2368","time":"2023-05-23T05:47:11.531Z","v":0}
{"name":"Log","hostname":"cs-335328021503-default","pid":3101,"level":30,"version":"5.49.0","msg":"Url configured as: http://localhost:2368/","time":"2023-05-23T05:47:11.532Z","v":0}
{"name":"Log","hostname":"cs-335328021503-default","pid":3101,"level":30,"version":"5.49.0","msg":"Ctrl+C to shut down","time":"2023-05-23T05:47:11.533Z","v":0}
{"name":"Log","hostname":"cs-335328021503-default","pid":3101,"level":30,"version":"5.49.0","msg":"Ghost server started in 0.778s","time":"2023-05-23T05:47:11.535Z","v":0}
{"name":"Log","hostname":"cs-335328021503-default","pid":3101,"level":30,"version":"5.49.0","msg":"Database is in a ready state.","time":"2023-05-23T05:47:11.762Z","v":0}
{"name":"Log","hostname":"cs-335328021503-default","pid":3101,"level":30,"version":"5.49.0","msg":"Ghost database ready in 1.008s","time":"2023-05-23T05:47:11.765Z","v":0}
{"name":"Log","hostname":"cs-335328021503-default","pid":3101,"level":30,"version":"5.49.0","msg":"Adding offloaded job to the queue","time":"2023-05-23T05:47:13.801Z","v":0}
{"name":"Log","hostname":"cs-335328021503-default","pid":3101,"level":30,"version":"5.49.0","msg":"Scheduling job mentions-email-report at 31 27 * * * *. Next run on: Tue May 23 2023 06:27:31 GMT+0000 (Coordinated Universal Time)","time":"2023-05-23T05:47:13.813Z","v":0}
{"name":"Log","hostname":"cs-335328021503-default","pid":3101,"level":30,"version":"5.49.0","msg":"Adding offloaded job to the queue","time":"2023-05-23T05:47:14.194Z","v":0}
{"name":"Log","hostname":"cs-335328021503-default","pid":3101,"level":30,"version":"5.49.0","msg":"Scheduling job clean-expired-comped at 29 11 3 * * *. Next run on: Wed May 24 2023 03:11:29 GMT+0000 (Coordinated Universal Time)","time":"2023-05-23T05:47:14.199Z","v":0}
{"name":"Log","hostname":"cs-335328021503-default","pid":3101,"level":30,"version":"5.49.0","msg":"Adding offloaded job to the queue","time":"2023-05-23T05:47:14.219Z","v":0}
{"name":"Log","hostname":"cs-335328021503-default","pid":3101,"level":30,"version":"5.49.0","msg":"Scheduling job clean-tokens at 14 42 17 * * *. Next run on: Tue May 23 2023 17:42:14 GMT+0000 (Coordinated Universal Time)","time":"2023-05-23T05:47:14.225Z","v":0}
{"name":"Log","hostname":"cs-335328021503-default","pid":3101,"level":30,"version":"5.49.0","msg":"Ghost URL Service Ready in 3.541s","time":"2023-05-23T05:47:14.297Z","v":0}
{"name":"Log","hostname":"cs-335328021503-default","pid":3101,"level":30,"version":"5.49.0","msg":"Ghost booted in 3.55s","time":"2023-05-23T05:47:14.306Z","v":0}
{"name":"Log","hostname":"cs-335328021503-default","pid":3101,"level":30,"version":"5.49.0","msg":"Adding offloaded job to the queue","time":"2023-05-23T05:47:14.312Z","v":0}
{"name":"Log","hostname":"cs-335328021503-default","pid":3101,"level":30,"version":"5.49.0","msg":"Scheduling job update-check at 33 19 14 * * *. Next run on: Tue May 23 2023 14:19:33 GMT+0000 (Coordinated Universal Time)","time":"2023-05-23T05:47:14.320Z","v":0}
{"name":"Log","hostname":"cs-335328021503-default","pid":3101,"level":30,"version":"5.49.0","msg":"Running milestone emails job on Tue May 23 2023 05:47:19 GMT+0000 (Coordinated Universal Time)","time":"2023-05-23T05:47:14.332Z","v":0}
{"name":"Log","hostname":"cs-335328021503-default","pid":3101,"level":40,"version":"5.49.0","msg":"Ghost is shutting down","time":"2023-05-23T05:50:16.239Z","v":0}
{"name":"Log","hostname":"cs-335328021503-default","pid":3101,"level":40,"version":"5.49.0","msg":"Ghost has shut down","time":"2023-05-23T05:50:16.245Z","v":0}
{"name":"Log","hostname":"cs-335328021503-default","pid":3101,"level":40,"version":"5.49.0","msg":"Ghost was running for 3 minutes","time":"2023-05-23T05:50:16.246Z","v":0}
{"name":"Log","hostname":"cs-335328021503-default","pid":3618,"level":30,"version":"5.49.0","msg":"Ghost is running in development...","time":"2023-05-23T05:50:30.980Z","v":0}
{"name":"Log","hostname":"cs-335328021503-default","pid":3618,"level":30,"version":"5.49.0","msg":"Listening on: 127.0.0.1:2368","time":"2023-05-23T05:50:30.983Z","v":0}
{"name":"Log","hostname":"cs-335328021503-default","pid":3618,"level":30,"version":"5.49.0","msg":"Url configured as: http://localhost:2368/","time":"2023-05-23T05:50:30.984Z","v":0}
{"name":"Log","hostname":"cs-335328021503-default","pid":3618,"level":30,"version":"5.49.0","msg":"Ctrl+C to shut down","time":"2023-05-23T05:50:30.985Z","v":0}
{"name":"Log","hostname":"cs-335328021503-default","pid":3618,"level":30,"version":"5.49.0","msg":"Ghost server started in 0.797s","time":"2023-05-23T05:50:30.987Z","v":0}
{"name":"Log","hostname":"cs-335328021503-default","pid":3618,"level":30,"version":"5.49.0","msg":"Database is in a ready state.","time":"2023-05-23T05:50:31.222Z","v":0}
{"name":"Log","hostname":"cs-335328021503-default","pid":3618,"level":30,"version":"5.49.0","msg":"Ghost database ready in 1.036s","time":"2023-05-23T05:50:31.225Z","v":0}
{"name":"Log","hostname":"cs-335328021503-default","pid":3618,"level":30,"version":"5.49.0","msg":"Adding offloaded job to the queue","time":"2023-05-23T05:50:33.220Z","v":0}
{"name":"Log","hostname":"cs-335328021503-default","pid":3618,"level":30,"version":"5.49.0","msg":"Scheduling job mentions-email-report at 53 35 * * * *. Next run on: Tue May 23 2023 06:35:53 GMT+0000 (Coordinated Universal Time)","time":"2023-05-23T05:50:33.242Z","v":0}
{"name":"Log","hostname":"cs-335328021503-default","pid":3618,"level":30,"version":"5.49.0","msg":"Adding offloaded job to the queue","time":"2023-05-23T05:50:33.617Z","v":0}
{"name":"Log","hostname":"cs-335328021503-default","pid":3618,"level":30,"version":"5.49.0","msg":"Scheduling job clean-expired-comped at 6 58 0 * * *. Next run on: Wed May 24 2023 00:58:06 GMT+0000 (Coordinated Universal Time)","time":"2023-05-23T05:50:33.623Z","v":0}
{"name":"Log","hostname":"cs-335328021503-default","pid":3618,"level":30,"version":"5.49.0","msg":"Adding offloaded job to the queue","time":"2023-05-23T05:50:33.632Z","v":0}
{"name":"Log","hostname":"cs-335328021503-default","pid":3618,"level":30,"version":"5.49.0","msg":"Scheduling job clean-tokens at 53 19 15 * * *. Next run on: Tue May 23 2023 15:19:53 GMT+0000 (Coordinated Universal Time)","time":"2023-05-23T05:50:33.637Z","v":0}
{"name":"Log","hostname":"cs-335328021503-default","pid":3618,"level":30,"version":"5.49.0","msg":"Ghost booted in 3.526s","time":"2023-05-23T05:50:33.716Z","v":0}
{"name":"Log","hostname":"cs-335328021503-default","pid":3618,"level":30,"version":"5.49.0","msg":"Ghost URL Service Ready in 3.531s","time":"2023-05-23T05:50:33.721Z","v":0}
{"name":"Log","hostname":"cs-335328021503-default","pid":3618,"level":30,"version":"5.49.0","msg":"Adding offloaded job to the queue","time":"2023-05-23T05:50:33.722Z","v":0}
{"name":"Log","hostname":"cs-335328021503-default","pid":3618,"level":30,"version":"5.49.0","msg":"Scheduling job update-check at 40 4 16 * * *. Next run on: Tue May 23 2023 16:04:40 GMT+0000 (Coordinated Universal Time)","time":"2023-05-23T05:50:33.728Z","v":0}
{"name":"Log","hostname":"cs-335328021503-default","pid":3618,"level":30,"version":"5.49.0","msg":"Running milestone emails job on Tue May 23 2023 05:50:38 GMT+0000 (Coordinated Universal Time)","time":"2023-05-23T05:50:33.746Z","v":0}
{"name":"Log","hostname":"cs-335328021503-default","pid":3618,"level":40,"version":"5.49.0","msg":"Ghost is shutting down","time":"2023-05-23T05:50:40.835Z","v":0}
{"name":"Log","hostname":"cs-335328021503-default","pid":3618,"level":40,"version":"5.49.0","msg":"Ghost has shut down","time":"2023-05-23T05:50:40.838Z","v":0}
{"name":"Log","hostname":"cs-335328021503-default","pid":3618,"level":40,"version":"5.49.0","msg":"Ghost was running for a few seconds","time":"2023-05-23T05:50:40.839Z","v":0}
